<?xml version="1.0" encoding="UTF-8"?>
<!-- Generated by org.testng.reporters.JUnitReportReporter -->
<testsuite hostname="SZ-QA01" name="com.group.MavenTestProject.MavenTestProject.NewTest" tests="1" failures="0" timestamp="7 Sep 2017 05:33:21 GMT" time="0.014" errors="0">
  <testcase name="f" time="0.014" classname="com.group.MavenTestProject.MavenTestProject.NewTest"/>
</testsuite>
